  MainMenuState.cpp
C:\Users\Todd Johnston\source\repos\SFML_RPG\SFML_RPG\MainMenuState.cpp(12,79): warning C4244: 'argument': conversion from 'T' to 'T', possible loss of data
          with
          [
              T=unsigned int
          ]
          and
          [
              T=float
          ]
C:\Users\Todd Johnston\source\repos\SFML_RPG\SFML_RPG\MainMenuState.cpp(12,58): warning C4244: 'argument': conversion from 'T' to 'T', possible loss of data
          with
          [
              T=unsigned int
          ]
          and
          [
              T=float
          ]
  SFML_RPG.vcxproj -> C:\Users\Todd Johnston\source\repos\SFML_RPG\x64\Debug\SFML_RPG.exe
